Mon Nov 25 14:30:14 NOVT 2013 - Initializing DBeaver 2.3.2
Mon Nov 25 14:30:14 NOVT 2013 - Host plugin: org.eclipse.epp.package.standard 2.0.1.20130919-0803
Mon Nov 25 14:32:52 NOVT 2013 - java.sql.SQLFeatureNotSupportedException: JDBC 1.7 API is not supported by driver
	at org.jkiss.dbeaver.model.impl.jdbc.JDBCUtils.callMethod17(JDBCUtils.java:648)
	at org.jkiss.dbeaver.model.impl.jdbc.exec.JDBCConnectionImpl.getSchema(JDBCConnectionImpl.java:491)
	at org.jkiss.dbeaver.ext.generic.model.GenericDataSource.determineSelectedEntity(GenericDataSource.java:655)
	at org.jkiss.dbeaver.ext.generic.model.GenericDataSource.initialize(GenericDataSource.java:356)
	at org.jkiss.dbeaver.registry.DataSourceDescriptor.connect(DataSourceDescriptor.java:622)
	at org.jkiss.dbeaver.runtime.jobs.ConnectJob.run(ConnectJob.java:66)
	at org.jkiss.dbeaver.runtime.jobs.ConnectJob.runSync(ConnectJob.java:93)
	at org.jkiss.dbeaver.ui.actions.datasource.DataSourceConnectHandler.execute(DataSourceConnectHandler.java:101)
	at org.jkiss.dbeaver.model.navigator.DBNDataSource.initializeNode(DBNDataSource.java:136)
	at org.jkiss.dbeaver.model.navigator.DBNDatabaseNode.getChildren(DBNDatabaseNode.java:160)
	at org.jkiss.dbeaver.ui.views.navigator.database.load.TreeLoadService.evaluate(TreeLoadService.java:58)
	at org.jkiss.dbeaver.ui.views.navigator.database.load.TreeLoadService.evaluate(TreeLoadService.java:1)
	at org.jkiss.dbeaver.runtime.load.jobs.LoadingJob.run(LoadingJob.java:79)
	at org.jkiss.dbeaver.runtime.load.jobs.LoadingJob.run(LoadingJob.java:66)
	at org.jkiss.dbeaver.runtime.AbstractJob.run(AbstractJob.java:90)
	at org.eclipse.core.internal.jobs.Worker.run(Worker.java:53)
Caused by: java.lang.NoSuchMethodException: org.sqlite.Conn.getSchema()
	at java.lang.Class.getMethod(Class.java:1652)
	at org.jkiss.dbeaver.model.impl.jdbc.JDBCUtils.callMethod17(JDBCUtils.java:635)
	... 15 more
Mon Nov 25 14:33:08 NOVT 2013 - Can't get column 'IS_AUTOINCREMENT': no such column: 'IS_AUTOINCREMENT'
Mon Nov 25 14:33:08 NOVT 2013 - Can't get column 'IS_AUTOINCREMENT': no such column: 'IS_AUTOINCREMENT'
Mon Nov 25 14:33:08 NOVT 2013 - Can't get column 'IS_AUTOINCREMENT': no such column: 'IS_AUTOINCREMENT'
Mon Nov 25 14:33:08 NOVT 2013 - Can't get column 'IS_AUTOINCREMENT': no such column: 'IS_AUTOINCREMENT'
Mon Nov 25 14:33:23 NOVT 2013 - Can't get column 'IS_AUTOINCREMENT': no such column: 'IS_AUTOINCREMENT'
Mon Nov 25 14:33:23 NOVT 2013 - Can't get column 'IS_AUTOINCREMENT': no such column: 'IS_AUTOINCREMENT'
Mon Nov 25 14:33:23 NOVT 2013 - Can't get column 'IS_AUTOINCREMENT': no such column: 'IS_AUTOINCREMENT'
Mon Nov 25 14:34:14 NOVT 2013 - org.eclipse.core.internal.resources.ResourceException: Resource '/Base/Scripts' does not exist.
	at org.eclipse.core.internal.resources.Resource.checkExists(Resource.java:341)
	at org.eclipse.core.internal.resources.Resource.checkAccessible(Resource.java:215)
	at org.eclipse.core.internal.resources.Container.members(Container.java:266)
	at org.eclipse.core.internal.resources.Container.members(Container.java:249)
	at org.jkiss.dbeaver.model.impl.resources.ScriptsHandlerImpl.findRecentScripts(ScriptsHandlerImpl.java:87)
	at org.jkiss.dbeaver.model.impl.resources.ScriptsHandlerImpl.findRecentScript(ScriptsHandlerImpl.java:72)
	at org.jkiss.dbeaver.ui.editors.sql.handlers.OpenSQLEditorHandler.execute(OpenSQLEditorHandler.java:43)
	at org.eclipse.ui.internal.handlers.HandlerProxy.execute(HandlerProxy.java:290)
	at org.eclipse.ui.internal.handlers.E4HandlerProxy.execute(E4HandlerProxy.java:90)
	at sun.reflect.NativeMethodAccessorImpl.invoke0(Native Method)
	at sun.reflect.NativeMethodAccessorImpl.invoke(NativeMethodAccessorImpl.java:57)
	at sun.reflect.DelegatingMethodAccessorImpl.invoke(DelegatingMethodAccessorImpl.java:43)
	at java.lang.reflect.Method.invoke(Method.java:616)
	at org.eclipse.e4.core.internal.di.MethodRequestor.execute(MethodRequestor.java:56)
	at org.eclipse.e4.core.internal.di.InjectorImpl.invokeUsingClass(InjectorImpl.java:243)
	at org.eclipse.e4.core.internal.di.InjectorImpl.invoke(InjectorImpl.java:224)
	at org.eclipse.e4.core.contexts.ContextInjectionFactory.invoke(ContextInjectionFactory.java:132)
	at org.eclipse.e4.core.commands.internal.HandlerServiceHandler.execute(HandlerServiceHandler.java:167)
	at org.eclipse.core.commands.Command.executeWithChecks(Command.java:499)
	at org.eclipse.core.commands.ParameterizedCommand.executeWithChecks(ParameterizedCommand.java:508)
	at org.eclipse.e4.core.commands.internal.HandlerServiceImpl.executeHandler(HandlerServiceImpl.java:213)
	at org.eclipse.e4.ui.workbench.renderers.swt.HandledContributionItem.executeItem(HandledContributionItem.java:850)
	at org.eclipse.e4.ui.workbench.renderers.swt.HandledContributionItem.handleWidgetSelection(HandledContributionItem.java:743)
	at org.eclipse.e4.ui.workbench.renderers.swt.HandledContributionItem.access$7(HandledContributionItem.java:727)
	at org.eclipse.e4.ui.workbench.renderers.swt.HandledContributionItem$4.handleEvent(HandledContributionItem.java:662)
	at org.eclipse.swt.widgets.EventTable.sendEvent(EventTable.java:84)
	at org.eclipse.swt.widgets.Widget.sendEvent(Widget.java:1392)
	at org.eclipse.swt.widgets.Display.runDeferredEvents(Display.java:3742)
	at org.eclipse.swt.widgets.Display.readAndDispatch(Display.java:3363)
	at org.eclipse.e4.ui.internal.workbench.swt.PartRenderingEngine$9.run(PartRenderingEngine.java:1113)
	at org.eclipse.core.databinding.observable.Realm.runWithDefault(Realm.java:332)
	at org.eclipse.e4.ui.internal.workbench.swt.PartRenderingEngine.run(PartRenderingEngine.java:997)
	at org.eclipse.e4.ui.internal.workbench.E4Workbench.createAndRunUI(E4Workbench.java:138)
	at org.eclipse.ui.internal.Workbench$5.run(Workbench.java:610)
	at org.eclipse.core.databinding.observable.Realm.runWithDefault(Realm.java:332)
	at org.eclipse.ui.internal.Workbench.createAndRunWorkbench(Workbench.java:567)
	at org.eclipse.ui.PlatformUI.createAndRunWorkbench(PlatformUI.java:150)
	at org.eclipse.ui.internal.ide.application.IDEApplication.start(IDEApplication.java:124)
	at org.eclipse.equinox.internal.app.EclipseAppHandle.run(EclipseAppHandle.java:196)
	at org.eclipse.core.runtime.internal.adaptor.EclipseAppLauncher.runApplication(EclipseAppLauncher.java:110)
	at org.eclipse.core.runtime.internal.adaptor.EclipseAppLauncher.start(EclipseAppLauncher.java:79)
	at org.eclipse.core.runtime.adaptor.EclipseStarter.run(EclipseStarter.java:354)
	at org.eclipse.core.runtime.adaptor.EclipseStarter.run(EclipseStarter.java:181)
	at sun.reflect.NativeMethodAccessorImpl.invoke0(Native Method)
	at sun.reflect.NativeMethodAccessorImpl.invoke(NativeMethodAccessorImpl.java:57)
	at sun.reflect.DelegatingMethodAccessorImpl.invoke(DelegatingMethodAccessorImpl.java:43)
	at java.lang.reflect.Method.invoke(Method.java:616)
	at org.eclipse.equinox.launcher.Main.invokeFramework(Main.java:636)
	at org.eclipse.equinox.launcher.Main.basicRun(Main.java:591)
	at org.eclipse.equinox.launcher.Main.run(Main.java:1450)
	at org.eclipse.equinox.launcher.Main.main(Main.java:1426)
Mon Nov 25 14:36:07 NOVT 2013 - java.sql.SQLFeatureNotSupportedException: JDBC 1.7 API is not supported by driver
	at org.jkiss.dbeaver.model.impl.jdbc.JDBCUtils.callMethod17(JDBCUtils.java:648)
	at org.jkiss.dbeaver.model.impl.jdbc.exec.JDBCConnectionImpl.getSchema(JDBCConnectionImpl.java:491)
	at org.jkiss.dbeaver.ext.generic.model.GenericDataSource.determineSelectedEntity(GenericDataSource.java:655)
	at org.jkiss.dbeaver.ext.generic.model.GenericDataSource.initialize(GenericDataSource.java:356)
	at org.jkiss.dbeaver.registry.DataSourceDescriptor.connect(DataSourceDescriptor.java:622)
	at org.jkiss.dbeaver.runtime.jobs.ConnectJob.run(ConnectJob.java:66)
	at org.jkiss.dbeaver.runtime.jobs.ConnectJob.runSync(ConnectJob.java:93)
	at org.jkiss.dbeaver.ui.actions.datasource.DataSourceConnectHandler.execute(DataSourceConnectHandler.java:101)
	at org.jkiss.dbeaver.model.navigator.DBNDataSource.initializeNode(DBNDataSource.java:136)
	at org.jkiss.dbeaver.model.navigator.DBNDatabaseNode.getChildren(DBNDatabaseNode.java:160)
	at org.jkiss.dbeaver.ui.views.navigator.database.load.TreeLoadService.evaluate(TreeLoadService.java:58)
	at org.jkiss.dbeaver.ui.views.navigator.database.load.TreeLoadService.evaluate(TreeLoadService.java:1)
	at org.jkiss.dbeaver.runtime.load.jobs.LoadingJob.run(LoadingJob.java:79)
	at org.jkiss.dbeaver.runtime.load.jobs.LoadingJob.run(LoadingJob.java:66)
	at org.jkiss.dbeaver.runtime.AbstractJob.run(AbstractJob.java:90)
	at org.eclipse.core.internal.jobs.Worker.run(Worker.java:53)
Caused by: java.lang.NoSuchMethodException: org.sqlite.Conn.getSchema()
	at java.lang.Class.getMethod(Class.java:1652)
	at org.jkiss.dbeaver.model.impl.jdbc.JDBCUtils.callMethod17(JDBCUtils.java:635)
	... 15 more
Mon Nov 25 14:36:11 NOVT 2013 - Can't get column 'IS_AUTOINCREMENT': no such column: 'IS_AUTOINCREMENT'
Mon Nov 25 14:36:11 NOVT 2013 - Can't get column 'IS_AUTOINCREMENT': no such column: 'IS_AUTOINCREMENT'
Mon Nov 25 14:36:11 NOVT 2013 - Can't get column 'IS_AUTOINCREMENT': no such column: 'IS_AUTOINCREMENT'
Mon Nov 25 14:36:11 NOVT 2013 - Can't get column 'IS_AUTOINCREMENT': no such column: 'IS_AUTOINCREMENT'
Mon Nov 25 14:36:17 NOVT 2013 - Can't get column 'IS_AUTOINCREMENT': no such column: 'IS_AUTOINCREMENT'
Mon Nov 25 14:36:17 NOVT 2013 - Can't get column 'IS_AUTOINCREMENT': no such column: 'IS_AUTOINCREMENT'
Mon Nov 25 14:36:17 NOVT 2013 - Can't get column 'IS_AUTOINCREMENT': no such column: 'IS_AUTOINCREMENT'
Mon Nov 25 14:36:17 NOVT 2013 - org.jkiss.dbeaver.DBException: SQL Error: not yet implemented
	at org.jkiss.dbeaver.model.impl.jdbc.cache.JDBCCompositeCache.loadObjects(JDBCCompositeCache.java:281)
	at org.jkiss.dbeaver.model.impl.jdbc.cache.JDBCCompositeCache.getObjects(JDBCCompositeCache.java:103)
	at org.jkiss.dbeaver.ext.generic.model.GenericTable.getIndexes(GenericTable.java:155)
	at org.jkiss.dbeaver.ext.generic.model.GenericObjectContainer.cacheIndexes(GenericObjectContainer.java:154)
	at org.jkiss.dbeaver.ext.generic.model.GenericObjectContainer.getIndexes(GenericObjectContainer.java:120)
	at org.jkiss.dbeaver.ext.generic.model.GenericDataSource.getIndexes(GenericDataSource.java:238)
	at sun.reflect.NativeMethodAccessorImpl.invoke0(Native Method)
	at sun.reflect.NativeMethodAccessorImpl.invoke(NativeMethodAccessorImpl.java:57)
	at sun.reflect.DelegatingMethodAccessorImpl.invoke(DelegatingMethodAccessorImpl.java:43)
	at java.lang.reflect.Method.invoke(Method.java:616)
	at org.jkiss.dbeaver.runtime.load.LoadingUtils.extractPropertyValue(LoadingUtils.java:59)
	at org.jkiss.dbeaver.model.navigator.DBNDatabaseNode.loadTreeItems(DBNDatabaseNode.java:415)
	at org.jkiss.dbeaver.model.navigator.DBNDatabaseNode.loadChildren(DBNDatabaseNode.java:341)
	at org.jkiss.dbeaver.model.navigator.DBNDatabaseNode.getChildren(DBNDatabaseNode.java:162)
	at org.jkiss.dbeaver.ui.views.navigator.database.load.TreeLoadService.evaluate(TreeLoadService.java:58)
	at org.jkiss.dbeaver.ui.views.navigator.database.load.TreeLoadService.evaluate(TreeLoadService.java:1)
	at org.jkiss.dbeaver.runtime.load.jobs.LoadingJob.run(LoadingJob.java:79)
	at org.jkiss.dbeaver.runtime.load.jobs.LoadingJob.run(LoadingJob.java:66)
	at org.jkiss.dbeaver.runtime.AbstractJob.run(AbstractJob.java:90)
	at org.eclipse.core.internal.jobs.Worker.run(Worker.java:53)
Caused by: java.sql.SQLException: not yet implemented
	at org.sqlite.MetaData.getIndexInfo(MetaData.java:506)
	at org.jkiss.dbeaver.model.impl.jdbc.exec.JDBCDatabaseMetaDataImpl.getIndexInfo(JDBCDatabaseMetaDataImpl.java:1247)
	at org.jkiss.dbeaver.ext.generic.model.IndexCache.prepareObjectsStatement(IndexCache.java:58)
	at org.jkiss.dbeaver.ext.generic.model.IndexCache.prepareObjectsStatement(IndexCache.java:1)
	at org.jkiss.dbeaver.model.impl.jdbc.cache.JDBCCompositeCache.loadObjects(JDBCCompositeCache.java:210)
	... 19 more
Mon Nov 25 14:36:22 NOVT 2013 - org.jkiss.dbeaver.DBException: SQL Error: not yet implemented
	at org.jkiss.dbeaver.model.impl.jdbc.cache.JDBCCompositeCache.loadObjects(JDBCCompositeCache.java:281)
	at org.jkiss.dbeaver.model.impl.jdbc.cache.JDBCCompositeCache.getObjects(JDBCCompositeCache.java:103)
	at org.jkiss.dbeaver.ext.generic.model.GenericTable.getIndexes(GenericTable.java:155)
	at org.jkiss.dbeaver.ext.generic.model.GenericObjectContainer.cacheIndexes(GenericObjectContainer.java:154)
	at org.jkiss.dbeaver.ext.generic.model.GenericObjectContainer.getIndexes(GenericObjectContainer.java:120)
	at org.jkiss.dbeaver.ext.generic.model.GenericDataSource.getIndexes(GenericDataSource.java:238)
	at sun.reflect.NativeMethodAccessorImpl.invoke0(Native Method)
	at sun.reflect.NativeMethodAccessorImpl.invoke(NativeMethodAccessorImpl.java:57)
	at sun.reflect.DelegatingMethodAccessorImpl.invoke(DelegatingMethodAccessorImpl.java:43)
	at java.lang.reflect.Method.invoke(Method.java:616)
	at org.jkiss.dbeaver.runtime.load.LoadingUtils.extractPropertyValue(LoadingUtils.java:59)
	at org.jkiss.dbeaver.model.navigator.DBNDatabaseNode.loadTreeItems(DBNDatabaseNode.java:415)
	at org.jkiss.dbeaver.model.navigator.DBNDatabaseNode.loadChildren(DBNDatabaseNode.java:341)
	at org.jkiss.dbeaver.model.navigator.DBNDatabaseNode.getChildren(DBNDatabaseNode.java:162)
	at org.jkiss.dbeaver.ui.views.navigator.database.load.TreeLoadService.evaluate(TreeLoadService.java:58)
	at org.jkiss.dbeaver.ui.views.navigator.database.load.TreeLoadService.evaluate(TreeLoadService.java:1)
	at org.jkiss.dbeaver.runtime.load.jobs.LoadingJob.run(LoadingJob.java:79)
	at org.jkiss.dbeaver.runtime.load.jobs.LoadingJob.run(LoadingJob.java:66)
	at org.jkiss.dbeaver.runtime.AbstractJob.run(AbstractJob.java:90)
	at org.eclipse.core.internal.jobs.Worker.run(Worker.java:53)
Caused by: java.sql.SQLException: not yet implemented
	at org.sqlite.MetaData.getIndexInfo(MetaData.java:506)
	at org.jkiss.dbeaver.model.impl.jdbc.exec.JDBCDatabaseMetaDataImpl.getIndexInfo(JDBCDatabaseMetaDataImpl.java:1247)
	at org.jkiss.dbeaver.ext.generic.model.IndexCache.prepareObjectsStatement(IndexCache.java:58)
	at org.jkiss.dbeaver.ext.generic.model.IndexCache.prepareObjectsStatement(IndexCache.java:1)
	at org.jkiss.dbeaver.model.impl.jdbc.cache.JDBCCompositeCache.loadObjects(JDBCCompositeCache.java:210)
	... 19 more
Mon Nov 25 15:35:15 NOVT 2013 - Shutdown initiated
Mon Nov 25 15:35:15 NOVT 2013 - Shutdown completed in 366ms
